# JRE version: Java(TM) SE Runtime Environment (8.0_144-b01) (build 1.8.0_144-b01)
# Java VM: Java HotSpot(TM) 64-Bit Server VM (25.144-b01 mixed mode windows-amd64 compressed oops)
Heap:
 PSYoungGen      total 136704K, used 103436K [0x00000000ead80000, 0x00000000f8580000, 0x0000000100000000)
  eden space 131072K, 78% used [0x00000000ead80000,0x00000000f1283270,0x00000000f2d80000)
  from space 5632K, 0% used [0x00000000f2d80000,0x00000000f2d80000,0x00000000f3300000)
  to   space 5632K, 0% used [0x00000000f8000000,0x00000000f8000000,0x00000000f8580000)
 ParOldGen       total 31744K, used 8280K [0x00000000c0800000, 0x00000000c2700000, 0x00000000ead80000)
  object space 31744K, 26% used [0x00000000c0800000,0x00000000c10162f8,0x00000000c2700000)
 Metaspace       used 23994K, capacity 25152K, committed 25344K, reserved 1071104K
  class space    used 3315K, capacity 3557K, committed 3584K, reserved 1048576K
GC Heap History (10 events):
Event: 1.727 GC heap before
{Heap before GC invocations=6 (full 0):
 PSYoungGen      total 35328K, used 35279K [0x00000000ead80000, 0x00000000ef880000, 0x0000000100000000)
  eden space 32768K, 99% used [0x00000000ead80000,0x00000000ecd7b468,0x00000000ecd80000)
  from space 2560K, 98% used [0x00000000ecd80000,0x00000000ecff88f8,0x00000000ed000000)
  to   space 5632K, 0% used [0x00000000ef300000,0x00000000ef300000,0x00000000ef880000)
 ParOldGen       total 44032K, used 4593K [0x00000000c0800000, 0x00000000c3300000, 0x00000000ead80000)
  object space 44032K, 10% used [0x00000000c0800000,0x00000000c0c7c708,0x00000000c3300000)
 Metaspace       used 19308K, capacity 20260K, committed 20480K, reserved 1067008K
  class space    used 2797K, capacity 3039K, committed 3072K, reserved 1048576K
Event: 1.732 GC heap after
Heap after GC invocations=6 (full 0):
 PSYoungGen      total 70144K, used 2850K [0x00000000ead80000, 0x00000000ef780000, 0x0000000100000000)
  eden space 65536K, 0% used [0x00000000ead80000,0x00000000ead80000,0x00000000eed80000)
  from space 4608K, 61% used [0x00000000ef300000,0x00000000ef5c89a8,0x00000000ef780000)
  to   space 5120K, 0% used [0x00000000eed80000,0x00000000eed80000,0x00000000ef280000)
 ParOldGen       total 44032K, used 4593K [0x00000000c0800000, 0x00000000c3300000, 0x00000000ead80000)
  object space 44032K, 10% used [0x00000000c0800000,0x00000000c0c7c708,0x00000000c3300000)
 Metaspace       used 19308K, capacity 20260K, committed 20480K, reserved 1067008K
  class space    used 2797K, capacity 3039K, committed 3072K, reserved 1048576K
}
Event: 1.776 GC heap before
{Heap before GC invocations=7 (full 0):
 PSYoungGen      total 70144K, used 68300K [0x00000000ead80000, 0x00000000ef780000, 0x0000000100000000)
  eden space 65536K, 99% used [0x00000000ead80000,0x00000000eed6a6c0,0x00000000eed80000)
  from space 4608K, 61% used [0x00000000ef300000,0x00000000ef5c89a8,0x00000000ef780000)
  to   space 5120K, 0% used [0x00000000eed80000,0x00000000eed80000,0x00000000ef280000)
 ParOldGen       total 44032K, used 4593K [0x00000000c0800000, 0x00000000c3300000, 0x00000000ead80000)
  object space 44032K, 10% used [0x00000000c0800000,0x00000000c0c7c708,0x00000000c3300000)
 Metaspace       used 19425K, capacity 20372K, committed 20480K, reserved 1067008K
  class space    used 2815K, capacity 3057K, committed 3072K, reserved 1048576K
Event: 1.783 GC heap after
Heap after GC invocations=7 (full 0):
 PSYoungGen      total 70656K, used 1295K [0x00000000ead80000, 0x00000000f3880000, 0x0000000100000000)
  eden space 65536K, 0% used [0x00000000ead80000,0x00000000ead80000,0x00000000eed80000)
  from space 5120K, 25% used [0x00000000eed80000,0x00000000eeec3c60,0x00000000ef280000)
  to   space 5632K, 0% used [0x00000000f3300000,0x00000000f3300000,0x00000000f3880000)
 ParOldGen       total 44032K, used 6139K [0x00000000c0800000, 0x00000000c3300000, 0x00000000ead80000)
  object space 44032K, 13% used [0x00000000c0800000,0x00000000c0dfef48,0x00000000c3300000)
 Metaspace       used 19425K, capacity 20372K, committed 20480K, reserved 1067008K
  class space    used 2815K, capacity 3057K, committed 3072K, reserved 1048576K
}
Event: 1.817 GC heap before
{Heap before GC invocations=8 (full 0):
 PSYoungGen      total 70656K, used 66730K [0x00000000ead80000, 0x00000000f3880000, 0x0000000100000000)
  eden space 65536K, 99% used [0x00000000ead80000,0x00000000eed66d60,0x00000000eed80000)
  from space 5120K, 25% used [0x00000000eed80000,0x00000000eeec3c60,0x00000000ef280000)
  to   space 5632K, 0% used [0x00000000f3300000,0x00000000f3300000,0x00000000f3880000)
 ParOldGen       total 44032K, used 6139K [0x00000000c0800000, 0x00000000c3300000, 0x00000000ead80000)
  object space 44032K, 13% used [0x00000000c0800000,0x00000000c0dfef48,0x00000000c3300000)
 Metaspace       used 19428K, capacity 20372K, committed 20480K, reserved 1067008K
  class space    used 2815K, capacity 3057K, committed 3072K, reserved 1048576K
Event: 1.831 GC heap after
Heap after GC invocations=8 (full 0):
 PSYoungGen      total 136704K, used 596K [0x00000000ead80000, 0x00000000f3880000, 0x0000000100000000)
  eden space 131072K, 0% used [0x00000000ead80000,0x00000000ead80000,0x00000000f2d80000)
  from space 5632K, 10% used [0x00000000f3300000,0x00000000f3395160,0x00000000f3880000)
  to   space 5632K, 0% used [0x00000000f2d80000,0x00000000f2d80000,0x00000000f3300000)
 ParOldGen       total 44032K, used 7118K [0x00000000c0800000, 0x00000000c3300000, 0x00000000ead80000)
  object space 44032K, 16% used [0x00000000c0800000,0x00000000c0ef3880,0x00000000c3300000)
 Metaspace       used 19428K, capacity 20372K, committed 20480K, reserved 1067008K
  class space    used 2815K, capacity 3057K, committed 3072K, reserved 1048576K
}
Event: 1.993 GC heap before
{Heap before GC invocations=9 (full 0):
 PSYoungGen      total 136704K, used 68911K [0x00000000ead80000, 0x00000000f3880000, 0x0000000100000000)
  eden space 131072K, 52% used [0x00000000ead80000,0x00000000ef036d48,0x00000000f2d80000)
  from space 5632K, 10% used [0x00000000f3300000,0x00000000f3395160,0x00000000f3880000)
  to   space 5632K, 0% used [0x00000000f2d80000,0x00000000f2d80000,0x00000000f3300000)
 ParOldGen       total 44032K, used 7118K [0x00000000c0800000, 0x00000000c3300000, 0x00000000ead80000)
  object space 44032K, 16% used [0x00000000c0800000,0x00000000c0ef3880,0x00000000c3300000)
 Metaspace       used 20300K, capacity 21228K, committed 21296K, reserved 1067008K
  class space    used 2927K, capacity 3163K, committed 3200K, reserved 1048576K
Event: 1.998 GC heap after
Heap after GC invocations=9 (full 0):
 PSYoungGen      total 136704K, used 2126K [0x00000000ead80000, 0x00000000f8580000, 0x0000000100000000)
  eden space 131072K, 0% used [0x00000000ead80000,0x00000000ead80000,0x00000000f2d80000)
  from space 5632K, 37% used [0x00000000f2d80000,0x00000000f2f93998,0x00000000f3300000)
  to   space 5632K, 0% used [0x00000000f8000000,0x00000000f8000000,0x00000000f8580000)
 ParOldGen       total 44032K, used 7198K [0x00000000c0800000, 0x00000000c3300000, 0x00000000ead80000)
  object space 44032K, 16% used [0x00000000c0800000,0x00000000c0f07880,0x00000000c3300000)
 Metaspace       used 20300K, capacity 21228K, committed 21296K, reserved 1067008K
  class space    used 2927K, capacity 3163K, committed 3200K, reserved 1048576K
}
Event: 1.998 GC heap before
{Heap before GC invocations=10 (full 1):
 PSYoungGen      total 136704K, used 2126K [0x00000000ead80000, 0x00000000f8580000, 0x0000000100000000)
  eden space 131072K, 0% used [0x00000000ead80000,0x00000000ead80000,0x00000000f2d80000)
  from space 5632K, 37% used [0x00000000f2d80000,0x00000000f2f93998,0x00000000f3300000)
  to   space 5632K, 0% used [0x00000000f8000000,0x00000000f8000000,0x00000000f8580000)
 ParOldGen       total 44032K, used 7198K [0x00000000c0800000, 0x00000000c3300000, 0x00000000ead80000)
  object space 44032K, 16% used [0x00000000c0800000,0x00000000c0f07880,0x00000000c3300000)
 Metaspace       used 20300K, capacity 21228K, committed 21296K, reserved 1067008K
  class space    used 2927K, capacity 3163K, committed 3200K, reserved 1048576K
Event: 2.073 GC heap after
Heap after GC invocations=10 (full 1):
 PSYoungGen      total 136704K, used 0K [0x00000000ead80000, 0x00000000f8580000, 0x0000000100000000)
  eden space 131072K, 0% used [0x00000000ead80000,0x00000000ead80000,0x00000000f2d80000)
  from space 5632K, 0% used [0x00000000f2d80000,0x00000000f2d80000,0x00000000f3300000)
  to   space 5632K, 0% used [0x00000000f8000000,0x00000000f8000000,0x00000000f8580000)
 ParOldGen       total 31744K, used 8280K [0x00000000c0800000, 0x00000000c2700000, 0x00000000ead80000)
  object space 31744K, 26% used [0x00000000c0800000,0x00000000c10162f8,0x00000000c2700000)
 Metaspace       used 20300K, capacity 21228K, committed 21296K, reserved 1067008K
  class space    used 2927K, capacity 3163K, committed 3200K, reserved 1048576K
}

